87
284
973
76
935
166
640
628
139
656
846
102
817
646
32
730
703
258
878
432
113
221
829
142
945
188
573
299
323
368
161
506
449
758
529
805
805
23
648
485
258
788
222
334
497
119
125
14
231
702
30
769
81
112
767
36
577
125
368
825
641
792
273
179
436
116
89
627
129
873
205
705
483
62
406
480
380
296
277
295
851
170
883
455
772
794
101
345
118
620
799
493
432
557
616
56
167
346
777
261
196
276
231
727
671
341
853
429
87
684
317
444
372
699
527
16
371
106
697
594
387
246
517
460
712
86
492
364
844
699
372
718
70
257
619
29
795
784
626
471
794
417
128
263
732
599
373
56
796
344
595
152
680
563
787
241
271
224
309
418
364
454
193
537
454
543
432
705
321
677
198
321
10
313
414
309
264
302
438
710
810
702
735
176
436
476
482
586
539
567
368
314
446
196
766
549
218
597
648
258
694
376
456
127
256
711
278
236
415
303
312
720
87
47
281
731
413
77
740
77
66
541
187
102
382
342
730
161
434
501
356
543
72
382
248
243
430
32
452
372
220
346
140
208
447
381
170
282
612
220
631
148
549
127
99
440
588
23
45
685
520
74
514
689
256
459
418
611
201
505
159
274
497
321
294
217
368
208
364
402
450
330
393
71
315
543
450
477
69
640
484
657
388
348
376
696
71
473
4
662
463
143
124
175
95
268
224
595
501
14
263
253
443
52
80
227
647
452
176
26
363
116
487
485
628
606
114
451
39
455
503
313
557
450
328
162
231
330
356
32
550
80
5
362
473
471
597
584
439
547
320
233
300
80
402
134
189
588
476
481
159
544
316
325
350
546
178
297
190
74
200
346
142
375
314
555
16
90
564
9
523
492
602
129
259
119
222
435
593
578
260
530
578
273
323
386
325
48
313
569
134
432
220
241
72
93
97
525
2
174
345
294
231
446
158
0
203
539
272
547
20
11
291
295
477
41
339
446
92
243
226
313
352
544
557
14
278
52
105
28
200
122
21
285
154
330
544
51
209
41
539
29
184
434
132
152
343
160
3
140
292
336
43
91
174
360
505
113
48
199
468
471
65
77
428
326
492
481
432
427
9
271
211
276
276
254
465
201
297
502
272
459
410
4
342
214
236
448
305
109
234
401
237
295
287
237
464
395
397
409
197
123
459
183
471
193
45
124
392
136
66
20
302
392
226
258
203
10
181
256
419
326
435
215
191
238
151
372
44
142
429
68
245
228
88
368
95
440
77
241
133
444
427
279
57
246
113
7
249
187
323
75
30
298
226
185
18
334
69
284
197
14
126
181
419
248
20
37
124
405
323
345
347
268
13
4
183
104
138
259
159
48
172
17
65
262
83
128
305
118
101
21
264
49
222
347
173
152
37
350
380
202
222
346
288
107
249
221
202
45
347
164
72
157
292
318
232
170
201
145
354
50
364
352
3
76
108
52
309
268
84
279
142
113
107
122
178
261
130
8
340
16
276
21
98
199
47
75
151
127
38
176
46
38
20
158
46
76
214
295
304
85
162
171
130
84
49
161
207
285
5
2
195
67
162
259
4
265
116
49
44
24
6
127
262
0
132
13
118
167
232
8
151
151
125
100
77
190
80
89
190
83
195
108
42
58
234
145
239
24
149
206
228
170
77
71
123
99
117
14
164
39
88
121
216
69
173
53
210
102
144
73
27
202
220
86
138
13
146
10
23
100
16
27
239
117
188
218
183
236
130
36
33
21
19
161
95
150
55
89
61
149
177
146
103
165
16
6
109
34
14
84
65
157
83
162
162
160
196
193
24
21
128
31
175
9
67
146
97
34
61
85
146
9
42
55
84
109
71
151
41
63
169
120
3
133
102
14
155
70
23
76
50
43
135
6
8
4
42
40
12
5
72
3
60
64
33
128
117
125
8
20
28
145
89
44
85
9
115
134
47
51
76
62
139
95
34
117
111
50
125
114
12
34
99
99
49
49
103
31
109
47
64
110
95
46
82
83
92
48
41
116
13
93
13
62
73
60
105
89
44
25
92
36
79
10
98
50
23
80
72
57
44
78
75
72
47
88
10
47
1
33
22
24
24
4
34
66
21
4
39
29
17
30
53
47
68
25
33
43
48
39
29
21
35
53
37
39
61
53
52
30
51
14
18
5
38
5
7
2
19
4
19
12
16
2
30
2
36
1
12
6
11
21
24
11
23
13
18
28
18
3
12
21
4
5
21
13
9
6
5
10
15
10
4
14
3
9
0
5
7
5
1
2
2
4
1
0
0
0
239179
239126
229945
227041
139847
139847
137798
137798
133735
108894
107472
107472
107472
107472
96664
96664
96664
96664
96664
96664
96664
96664
96664
96664
96664
96664
96664
91309
90802
73359
73359
73359
72680
72680
72680
72680
72680
70673
70673
70673
70673
70673
70548
70548
70548
70548
70548
70548
70548
70548
70548
70548
70548
70548
69470
69470
69470
69470
69470
69470
59921
59921
49378
49378
49378
49378
49378
49378
49378
49378
49378
49378
49378
49378
49378
49378
49378
49378
49378
49378
49378
29592
29592
29592
29592
29592
29560
29560
29560
29560
29560
29560
29560
29560
29560
29560
29141
28479
28479
28479
28479
28479
28479
28479
28479
28479
28479
28479
28479
28479
28479
28479
28479
28479
28479
28479
28479
28479
28479
28479
28479
28479
28479
28479
28479
28479
28479
28479
19321
19321
19321
19321
19321
19321
19321
15827
15827
15827
15827
15827
15827
15827
15827
15827
15827
15827
15827
15827
15827
15827
15827
15827
15827
15827
15827
15827
15827
15827
15827
15827
15827
15827
15827
15827
15827
15827
15827
15827
15827
15827
15827
15827
15827
15827
15827
15827
15827
15827
15827
15827
15827
15827
15827
15827
15827
15827
15827
15827
15827
15827
15827
15827
15827
15827
15827
15827
15827
15827
11174
11174
11174
11174
11174
11174
11174
11174
11174
11174
11174
11174
11174
11174
11174
11174
11174
11174
11174
11174
11174
11174
11174
11174
11174
11174
11174
11174
11174
11174
11174
11174
11174
11174
11174
11174
11174
11174
11174
11174
11174
11174
11174
11174
11174
11174
11174
11174
11174
11174
11174
11174
11174
11174
11174
11174
11174
11174
11174
11174
11174
11174
11174
11174
11174
11174
11174
11174
11174
11174
11174
11174
11174
11174
11174
11174
11174
11174
11174
11174
11174
11174
11174
11174
11174
11174
11174
10518
10518
10518
10518
10518
10518
10518
10518
10518
10518
10518
10518
10518
10518
10518
10518
10518
10518
10518
10518
10518
10518
10518
10518
10518
10518
10518
10518
10518
10518
10518
10518
10518
10518
10518
10518
10518
10518
10518
10518
10518
10518
10518
10518
10518
10518
10518
10518
10518
10518
10518
10518
10518
10158
10158
10158
10158
10158
10158
10158
10158
10158
10158
10158
10158
10158
10158
10158
10158
10158
10158
10158
10158
10158
10158
10158
10158
10158
10158
10158
10158
10158
10158
10158
10158
10158
10158
10158
10158
10158
10158
10158
10158
10158
10158
10158
10158
10158
10158
10158
10158
10158
10158
10158
10158
10158
10158
10158
10158
10158
10158
10158
10158
10158
10158
10158
10158
10158
10158
10158
10158
10158
10158
10158
10158
10158
10158
10158
10158
10158
10158
10158
10158
10158
10158
10158
10158
10158
10158
10158
10158
10158
10158
10158
10158
10158
10158
10158
10158
10158
10158
10158
10158
10158
10158
10158
10158
10158
10158
10158
10158
10158
10158
10158
9314
9314
9314
9314
9314
9314
8504
8504
8504
8504
8504
8504
8504
8504
8504
8504
8504
8504
8504
8504
8504
8504
8504
8504
8504
8504
8504
8504
8504
8504
8504
6780
6780
6780
6780
6780
6780
6780
6780
6780
6780
6780
6780
6780
6780
6780
6780
6780
6780
6780
6780
6780
6780
6780
6780
6780
6780
6780
6780
6152
6152
6152
6152
6152
6152
6152
6152
6152
6152
6152
6152
956
956
956
956
956
956
956
956
956
956
956
956
956
956
956
956
956
956
956
956
956
956
956
956
956
956
956
956
956
956
956
956
956
956
956
956
956
956
956
956
956
956
956
956
956
956
956
956
956
956
956
956
956
956
956
956
956
956
956
956
956
956
956
956
956
956
956
956
956
956
956
956
956
956
956
956
956
956
956
956
956
956
956
956
956
956
956
956
956
956
956
956
956
956
956
956
956
956
956
956
956
956
956
956
956
956
956
956
956
956
956
956
956
956
956
956
956
956
956
956
956
956
956
956
956
956
956
956
956
956
956
956
956
956
956
956
956
956
956
956
956
956
956
895
895
895
895
895
895
895
895
895
895
895
895
895
895
895
895
895
895
895
895
895
895
895
895
895
895
895
895
895
895
895
895
895
895
895
895
895
895
895
895
895
895
895
895
895
895
895
895
895
895
895
895
895
895
895
895
895
895
895
895
895
895
895
895
895
895
895
895
895
895
895
895
895
895
895
895
895
895
895
895
895
895
895
895
895
895
895
895
895
895
895
895
895
895
895
895
895
895
895
895
895
895
895
895
895
895
895
895
895
895
895
895
895
895
895
895
895
895
895
895
895
895
895
895
895
895
895
895
895
895
895
895
895
895
895
895
895
895
895
895
895
895
895
895
895
895
895
895
895
895
895
895
895
895
895
895
895
895
895
895
895
895
895
895
895
895
895
895
895
895
895
895
895
895
895
895
895
895
895
895
895
895
895
895
895
895
895
895
895
895
895
895
895
895
895
895
895
895
895
895
895
895
895
895
895
895
895
895
895
895
895
895
895
895
895
895
895
895
895
895
895
895
895
895
895
895
895
895
895
895
895
895
895
895
895
895
895
895
895
895
895
895
895
895
895
895
895
895
895
895
895
895
895
895
895
895
895
895
895
895
895
895
895
895
895
895
895
895
895
895
895
895
895
895
895
895
895
895
895
895
895
895
895
895
895
895
895
895
895
895
895
895
895
895
895
895
895
895
895
895
895
895
895
895
895
895
895
895
895
895
895
895
895
895
895
895
895
895
895
895
895
895
895
895
895
895
895
895
895
895
895
895
895
895
895
895
895
895
