239179
239126
229945
227041
139847
139847
137798
137798
133735
108894
107472
107472
107472
107472
96664
96664
96664
96664
96664
96664
96664
96664
96664
96664
96664
96664
96664
91309
90802
73359
73359
73359
72680
72680
72680
72680
72680
70673
70673
70673
70673
70673
70548
70548
70548
70548
70548
70548
70548
70548
70548
70548
70548
70548
69470
69470
69470
69470
69470
69470
59921
59921
49378
49378
49378
49378
49378
49378
49378
49378
49378
49378
49378
49378
49378
49378
49378
49378
49378
49378
49378
29592
29592
29592
29592
29592
29560
29560
29560
29560
29560
29560
29560
29560
29560
29560
29141
28479
28479
28479
28479
28479
28479
28479
28479
28479
28479
28479
28479
28479
28479
28479
28479
28479
28479
28479
28479
28479
28479
28479
28479
28479
28479
28479
28479
28479
28479
28479
19321
19321
19321
19321
19321
19321
19321
15827
15827
15827
15827
15827
15827
15827
15827
15827
15827
15827
15827
15827
15827
15827
15827
15827
15827
15827
15827
15827
15827
15827
15827
15827
15827
15827
15827
15827
15827
15827
15827
15827
15827
15827
15827
15827
15827
15827
15827
15827
15827
15827
15827
15827
15827
15827
15827
15827
15827
15827
15827
15827
15827
15827
15827
15827
15827
15827
15827
15827
15827
15827
11174
11174
11174
11174
11174
11174
11174
11174
11174
11174
11174
11174
11174
11174
11174
11174
11174
11174
11174
11174
11174
11174
11174
11174
11174
11174
11174
11174
11174
11174
11174
11174
11174
11174
11174
11174
11174
11174
11174
11174
11174
11174
11174
11174
11174
11174
11174
11174
11174
11174
11174
11174
11174
11174
11174
11174
11174
11174
11174
11174
11174
11174
11174
11174
11174
11174
11174
11174
11174
11174
11174
11174
11174
11174
11174
11174
11174
11174
11174
11174
11174
11174
11174
11174
11174
11174
11174
10518
10518
10518
10518
10518
10518
10518
10518
10518
10518
10518
10518
10518
10518
10518
10518
10518
10518
10518
10518
10518
10518
10518
10518
10518
10518
10518
10518
10518
10518
10518
10518
10518
10518
10518
10518
10518
10518
10518
10518
10518
10518
10518
10518
10518
10518
10518
10518
10518
10518
10518
10518
10518
10158
10158
10158
10158
10158
10158
10158
10158
10158
10158
10158
10158
10158
10158
10158
10158
10158
10158
10158
10158
10158
10158
10158
10158
10158
10158
10158
10158
10158
10158
10158
10158
10158
10158
10158
10158
10158
10158
10158
10158
10158
10158
10158
10158
10158
10158
10158
10158
10158
10158
10158
10158
10158
10158
10158
10158
10158
10158
10158
10158
10158
10158
10158
10158
10158
10158
10158
10158
10158
10158
10158
10158
10158
10158
10158
10158
10158
10158
10158
10158
10158
10158
10158
10158
10158
10158
10158
10158
10158
10158
10158
10158
10158
10158
10158
10158
10158
10158
10158
10158
10158
10158
10158
10158
10158
10158
10158
10158
10158
10158
10158
9314
9314
9314
9314
9314
9314
8504
8504
8504
8504
8504
8504
8504
8504
8504
8504
8504
8504
8504
8504
8504
8504
8504
8504
8504
8504
8504
8504
8504
8504
8504
6780
6780
6780
6780
6780
6780
6780
6780
6780
6780
6780
6780
6780
6780
6780
6780
6780
6780
6780
6780
6780
6780
6780
6780
6780
6780
6780
6780
6152
6152
6152
6152
6152
6152
6152
6152
6152
6152
6152
6152
956
956
956
956
956
956
956
956
956
956
956
956
956
956
956
956
956
956
956
956
956
956
956
956
956
956
956
956
956
956
956
956
956
956
956
956
956
956
956
956
956
956
956
956
956
956
956
956
956
956
956
956
956
956
956
956
956
956
956
956
956
956
956
956
956
956
956
956
956
956
956
956
956
956
956
956
956
956
956
956
956
956
956
956
956
956
956
956
956
956
956
956
956
956
956
956
956
956
956
956
956
956
956
956
956
956
956
956
956
956
956
956
956
956
956
956
956
956
956
956
956
956
956
956
956
956
956
956
956
956
956
956
956
956
956
956
956
956
956
956
956
956
956
895
895
895
895
895
895
895
895
895
895
895
895
895
895
895
895
895
895
895
895
895
895
895
895
895
895
895
895
895
895
895
895
895
895
895
895
895
895
895
895
895
895
895
895
895
895
895
895
895
895
895
895
895
895
895
895
895
895
895
895
895
895
895
895
895
895
895
895
895
895
895
895
895
895
895
895
895
895
895
895
895
895
895
895
895
895
895
895
895
895
895
895
895
895
895
895
895
895
895
895
895
895
895
895
895
895
895
895
895
895
895
895
895
895
895
895
895
895
895
895
895
895
895
895
895
895
895
895
895
895
895
895
895
895
895
895
895
895
895
895
895
895
895
895
895
895
895
895
895
895
895
895
895
895
895
895
895
895
895
895
895
895
895
895
895
895
895
895
895
895
895
895
895
895
895
895
895
895
895
895
895
895
895
895
895
895
895
895
895
895
895
895
895
895
895
895
895
895
895
895
895
895
895
895
895
895
895
895
895
895
895
895
895
895
895
895
895
895
895
895
895
895
895
895
895
895
895
895
895
895
895
895
895
895
895
895
895
895
895
895
895
895
895
895
895
895
895
895
895
895
895
895
895
895
895
895
895
895
895
895
895
895
895
895
895
895
895
895
895
895
895
895
895
895
895
895
895
895
895
895
895
895
895
895
895
895
895
895
895
895
895
895
895
895
895
895
895
895
895
895
895
895
895
895
895
895
895
895
895
895
895
895
895
895
895
895
895
895
895
895
895
895
895
895
895
895
895
895
895
895
895
895
895
895
895
895
895
895
