Tree::debug(10594):
1: 74 9705
2: 0 0
3: 0 0
4: 0 0
5: 45 4842
6: 1 9095
7: 48 8098
8: 1 5508
9: 2 0
10: 0 1399
11: 0 0
12: 0 5050
13: 0 6680
14: 20 7966
15: 0 0
16: 41 9132
17: 0 3015
18: 0 0
19: 1 0
20: 0 5770
21: 44 2
22: 40 2
23: 0 8446
24: 1 2
25: 0 7392
26: 0 0
27: 0 0
28: 0 5818
29: 12 4146
30: 0 0
31: 0 0
32: 0 5867
33: 0 0
34: 0 7028
35: 28 2
36: 43 0
37: 13 0
38: 0 0
39: 1 2
40: 0 0
41: 0 0
42: 17 9128
43: 3 10155
44: 0 0
45: 0 0
46: 23 2
47: 0 3338
48: 0 0
49: 2 2
50: 0 0
51: 0 695
52: 2 2
53: 0 0
54: 1 5851
55: 0 0
56: 0 7787
57: 1 0
58: 0 0
59: 1 2876
60: 0 0
61: 0 0
62: 16 4872
63: 0 0
64: 0 0
65: 1 0
66: 1 2717
67: 0 8899
68: 1 8557
69: 31 0
70: 46 2
71: 0 0
72: 0 0
73: 0 5492
74: 0 0
75: 0 0
76: 2 6065
77: 0 0
78: 21 3708
79: 0 7529
80: 1 7255
81: 0 6182
82: 1 9812
83: 11 2
84: 0 0
85: 0 0
86: 0 0
87: 0 967
88: 0 0
89: 0 0
90: 0 0
91: 1 2
92: 0 0
93: 1 0
94: 0 1342
95: 0 1274
96: 25 5443
97: 0 2025
98: 0 10086
99: 0 6121
100: 5 0
101: 23 0
102: 0 9073
103: 45 2
104: 0 0
105: 0 0
106: 0 2270
107: 2 6317
108: 0 0
109: 0 0
110: 0 3719
111: 0 0
112: 11 6217
113: 33 2
114: 2 5295
115: 1 1810
116: 36 6092
117: 0 0
118: 0 5450
119: 0 0
120: 28 4699
121: 0 6219
122: 0 0
123: 0 0
124: 1 0
125: 0 0
126: 0 0
127: 0 4726
128: 0 996
129: 9 8373
130: 1 0
131: 0 0
132: 1 2
133: 48 2
134: 0 6090
135: 0 5825
136: 4 5093
137: 0 0
138: 1 0
139: 0 0
140: 1 2
141: 1 0
142: 0 7418
143: 5 0
144: 0 4920
145: 16 8038
146: 15 3108
147: 3 5193
148: 0 0
149: 0 9081
150: 1 2
151: 0 0
152: 0 0
153: 1 6732
154: 38 3358
155: 0 8101
156: 2 4842
157: 0 7281
158: 0 0
159: 1 0
160: 0 0
161: 0 5254
162: 0 0
163: 0 0
164: 21 2
165: 0 4437
166: 0 0
167: 13 2
168: 0 3319
169: 1 9547
170: 16 2
171: 0 369
172: 0 0
173: 40 6597
174: 1 3844
175: 6 9092
176: 0 391
177: 14 2
178: 23 8640
179: 0 0
180: 0 0
181: 3 0
182: 0 0
183: 1 2
184: 0 3252
185: 0 0
186: 20 1392
187: 0 0
188: 1 0
189: 0 0
190: 1 0
191: 2 9406
192: 6 2
193: 0 0
194: 19 10497
195: 0 4247
196: 18 5667
197: 10 2
198: 8 2
199: 26 0
200: 1 10230
